<?xml version="1.0" encoding="UTF-8"?>
<!-- Generated by org.testng.reporters.JUnitReportReporter -->
<testsuite hostname="Bughra" failures="0" tests="1" name="RestAPI.DeckOfCargsGame" time="4.150" errors="0" timestamp="2023-08-27T00:06:20 CDT" skipped="0">
  <testcase classname="RestAPI.DeckOfCargsGame" name="shuffleing" time="4.150"/>
</testsuite> <!-- RestAPI.DeckOfCargsGame -->
