<?xml version="1.0" encoding="UTF-8"?>
<!-- Generated by org.testng.reporters.JUnitReportReporter -->
<testsuite hostname="Bughra" failures="0" tests="1" name="tests.EtsyHomePageTest" time="104.333" errors="0" timestamp="2023-08-31T17:10:50 CDT" skipped="0">
  <testcase classname="tests.EtsyHomePageTest" name="navCategoryTest" time="104.333"/>
</testsuite> <!-- tests.EtsyHomePageTest -->
